Arguments: 
  /home/jeff/.nvm/versions/node/v21.1.0/bin/node /home/jeff/.yarn/bin/yarn.js init -t

PATH: 
  /home/jeff/.yarn/bin:/home/jeff/.config/yarn/global/node_modules/.bin:/home/jeff/.vscode-server/bin/0ee08df0cf4527e40edc9aa28f4b5bd38bbff2b2/bin/remote-cli:/home/jeff/.yarn/bin:/home/jeff/.config/yarn/global/node_modules/.bin:/home/jeff/.nvm/versions/node/v21.1.0/bin:/usr/local/sbin:/usr/local/bin:/usr/sbin:/usr/bin:/sbin:/bin:/usr/games:/usr/local/games:/usr/lib/wsl/lib:/mnt/c/Windows/system32:/mnt/c/Windows:/mnt/c/Windows/System32/Wbem:/mnt/c/Windows/System32/WindowsPowerShell/v1.0/:/mnt/c/Windows/System32/OpenSSH/:/mnt/c/Program Files/dotnet/:/mnt/c/Program Files/NVIDIA Corporation/NVIDIA NvDLISR:/mnt/c/WINDOWS/system32:/mnt/c/WINDOWS:/mnt/c/WINDOWS/System32/Wbem:/mnt/c/WINDOWS/System32/WindowsPowerShell/v1.0/:/mnt/c/WINDOWS/System32/OpenSSH/:/mnt/c/Program Files/Git/cmd:/mnt/c/Program Files/nodejs/:/Docker/host/bin:/mnt/c/Program Files (x86)/NVIDIA Corporation/PhysX/Common:/mnt/c/Users/jefer/AppData/Local/Microsoft/WindowsApps:/mnt/c/Users/jefer/AppData/Local/Programs/Microsoft VS Code/bin:/mnt/c/Users/jefer/AppData/Roaming/npm:/snap/bin

Yarn version: 
  1.22.19

Node version: 
  21.1.0

Platform: 
  linux x64

Trace: 
  Error: canceled
      at Interface.<anonymous> (/home/jeff/.yarn/lib/cli.js:137150:13)
      at Interface.emit (node:events:515:28)
      at [_ttyWrite] [as _ttyWrite] (node:internal/readline/interface:1125:18)
      at ReadStream.onkeypress (node:internal/readline/interface:264:20)
      at ReadStream.emit (node:events:515:28)
      at emitKeys (node:internal/readline/utils:371:14)
      at emitKeys.next (<anonymous>)
      at ReadStream.onData (node:internal/readline/emitKeypressEvents:64:36)
      at ReadStream.emit (node:events:515:28)
      at addChunk (node:internal/streams/readable:545:12)

npm manifest: 
  No manifest

yarn manifest: 
  No manifest

Lockfile: 
  No lockfile
